[2023-05-15 09:33:15.372] [main] ERROR o.s.boot.SpringApplication : Application run failed
org.springframework.beans.factory.BeanCreationException: Error creating bean with name 'urule.dynamicSpringConfigLoader' defined in class path resource [urule-core-context.xml]: Initialization of bean failed; nested exception is org.springframework.beans.factory.BeanCreationException: Error creating bean with name 'urule.bootstrapManager' defined in class path resource [urule-console-context.xml]: Initialization of bean failed; nested exception is com.bstek.urule.exception.RuleException: com.bstek.urule.console.config.exception.ConfigLoadException: java.sql.SQLException: Cannot create PoolableConnectionFactory (Access denied for user 'ssfw'@'localhost' (using password: YES))
	at org.springframework.beans.factory.support.AbstractAutowireCapableBeanFactory.doCreateBean(AbstractAutowireCapableBeanFactory.java:602)
	at org.springframework.beans.factory.support.AbstractAutowireCapableBeanFactory.createBean(AbstractAutowireCapableBeanFactory.java:516)
	at org.springframework.beans.factory.support.AbstractBeanFactory.lambda$doGetBean$0(AbstractBeanFactory.java:324)
	at org.springframework.beans.factory.support.DefaultSingletonBeanRegistry.getSingleton(DefaultSingletonBeanRegistry.java:226)
	at org.springframework.beans.factory.support.AbstractBeanFactory.doGetBean(AbstractBeanFactory.java:322)
	at org.springframework.beans.factory.support.AbstractBeanFactory.getBean(AbstractBeanFactory.java:202)
	at org.springframework.beans.factory.support.DefaultListableBeanFactory.preInstantiateSingletons(DefaultListableBeanFactory.java:897)
	at org.springframework.context.support.AbstractApplicationContext.finishBeanFactoryInitialization(AbstractApplicationContext.java:879)
	at org.springframework.context.support.AbstractApplicationContext.refresh(AbstractApplicationContext.java:551)
	at org.springframework.boot.web.servlet.context.ServletWebServerApplicationContext.refresh(ServletWebServerApplicationContext.java:143)
	at org.springframework.boot.SpringApplication.refresh(SpringApplication.java:758)
	at org.springframework.boot.SpringApplication.refresh(SpringApplication.java:750)
	at org.springframework.boot.SpringApplication.refreshContext(SpringApplication.java:397)
	at org.springframework.boot.SpringApplication.run(SpringApplication.java:315)
	at org.springframework.boot.SpringApplication.run(SpringApplication.java:1237)
	at org.springframework.boot.SpringApplication.run(SpringApplication.java:1226)
	at com.bstek.demo.Application.main(Application.java:16)
Caused by: org.springframework.beans.factory.BeanCreationException: Error creating bean with name 'urule.bootstrapManager' defined in class path resource [urule-console-context.xml]: Initialization of bean failed; nested exception is com.bstek.urule.exception.RuleException: com.bstek.urule.console.config.exception.ConfigLoadException: java.sql.SQLException: Cannot create PoolableConnectionFactory (Access denied for user 'ssfw'@'localhost' (using password: YES))
	at org.springframework.beans.factory.support.AbstractAutowireCapableBeanFactory.doCreateBean(AbstractAutowireCapableBeanFactory.java:602)
	at org.springframework.beans.factory.support.AbstractAutowireCapableBeanFactory.createBean(AbstractAutowireCapableBeanFactory.java:516)
	at org.springframework.beans.factory.support.AbstractBeanFactory.lambda$doGetBean$0(AbstractBeanFactory.java:324)
	at org.springframework.beans.factory.support.DefaultSingletonBeanRegistry.getSingleton(DefaultSingletonBeanRegistry.java:226)
	at org.springframework.beans.factory.support.AbstractBeanFactory.doGetBean(AbstractBeanFactory.java:322)
	at org.springframework.beans.factory.support.AbstractBeanFactory.getBean(AbstractBeanFactory.java:202)
	at org.springframework.beans.factory.support.AbstractBeanFactory.doGetBean(AbstractBeanFactory.java:311)
	at org.springframework.beans.factory.support.AbstractBeanFactory.getBean(AbstractBeanFactory.java:202)
	at org.springframework.beans.factory.support.DefaultListableBeanFactory.getBeansOfType(DefaultListableBeanFactory.java:624)
	at org.springframework.beans.factory.support.DefaultListableBeanFactory.getBeansOfType(DefaultListableBeanFactory.java:612)
	at org.springframework.context.support.AbstractApplicationContext.getBeansOfType(AbstractApplicationContext.java:1243)
	at com.bstek.urule.runtime.DynamicSpringConfigLoaderImpl.setApplicationContext(DynamicSpringConfigLoaderImpl.java:81)
	at org.springframework.context.support.ApplicationContextAwareProcessor.invokeAwareInterfaces(ApplicationContextAwareProcessor.java:123)
	at org.springframework.context.support.ApplicationContextAwareProcessor.postProcessBeforeInitialization(ApplicationContextAwareProcessor.java:100)
	at org.springframework.beans.factory.support.AbstractAutowireCapableBeanFactory.applyBeanPostProcessorsBeforeInitialization(AbstractAutowireCapableBeanFactory.java:415)
	at org.springframework.beans.factory.support.AbstractAutowireCapableBeanFactory.initializeBean(AbstractAutowireCapableBeanFactory.java:1786)
	at org.springframework.beans.factory.support.AbstractAutowireCapableBeanFactory.doCreateBean(AbstractAutowireCapableBeanFactory.java:594)
	... 16 common frames omitted
Caused by: com.bstek.urule.exception.RuleException: com.bstek.urule.console.config.exception.ConfigLoadException: java.sql.SQLException: Cannot create PoolableConnectionFactory (Access denied for user 'ssfw'@'localhost' (using password: YES))
	at com.bstek.urule.console.config.bootstrap.BootstrapManager.load(BootstrapManager.java:75)
	at com.bstek.urule.console.config.bootstrap.BootstrapManager.setApplicationContext(BootstrapManager.java:124)
	at org.springframework.context.support.ApplicationContextAwareProcessor.invokeAwareInterfaces(ApplicationContextAwareProcessor.java:123)
	at org.springframework.context.support.ApplicationContextAwareProcessor.postProcessBeforeInitialization(ApplicationContextAwareProcessor.java:100)
	at org.springframework.beans.factory.support.AbstractAutowireCapableBeanFactory.applyBeanPostProcessorsBeforeInitialization(AbstractAutowireCapableBeanFactory.java:415)
	at org.springframework.beans.factory.support.AbstractAutowireCapableBeanFactory.initializeBean(AbstractAutowireCapableBeanFactory.java:1786)
	at org.springframework.beans.factory.support.AbstractAutowireCapableBeanFactory.doCreateBean(AbstractAutowireCapableBeanFactory.java:594)
	... 32 common frames omitted
Caused by: com.bstek.urule.console.config.exception.ConfigLoadException: java.sql.SQLException: Cannot create PoolableConnectionFactory (Access denied for user 'ssfw'@'localhost' (using password: YES))
	at com.bstek.urule.console.config.manager.DBConfigManager.load(DBConfigManager.java:37)
	at com.bstek.urule.console.config.manager.JdbcConfigManager.load(JdbcConfigManager.java:35)
	at com.bstek.urule.console.config.bootstrap.BootstrapManager.load(BootstrapManager.java:64)
	... 38 common frames omitted
Caused by: java.sql.SQLException: Cannot create PoolableConnectionFactory (Access denied for user 'ssfw'@'localhost' (using password: YES))
	at org.apache.commons.dbcp2.BasicDataSource.createPoolableConnectionFactory(BasicDataSource.java:669)
	at org.apache.commons.dbcp2.BasicDataSource.createDataSource(BasicDataSource.java:544)
	at org.apache.commons.dbcp2.BasicDataSource.getConnection(BasicDataSource.java:753)
	at com.bstek.urule.console.config.manager.JdbcConfigManager.getConnection(JdbcConfigManager.java:66)
	at com.bstek.urule.console.config.manager.DBConfigManager.e(DBConfigManager.java:106)
	at com.bstek.urule.console.config.manager.DBConfigManager.load(DBConfigManager.java:35)
	... 40 common frames omitted
Caused by: java.sql.SQLException: Access denied for user 'ssfw'@'localhost' (using password: YES)
	at com.mysql.jdbc.SQLError.createSQLException(SQLError.java:965)
	at com.mysql.jdbc.MysqlIO.checkErrorPacket(MysqlIO.java:3978)
	at com.mysql.jdbc.MysqlIO.checkErrorPacket(MysqlIO.java:3914)
	at com.mysql.jdbc.MysqlIO.checkErrorPacket(MysqlIO.java:871)
	at com.mysql.jdbc.MysqlIO.proceedHandshakeWithPluggableAuthentication(MysqlIO.java:1714)
	at com.mysql.jdbc.MysqlIO.doHandshake(MysqlIO.java:1224)
	at com.mysql.jdbc.ConnectionImpl.coreConnect(ConnectionImpl.java:2199)
	at com.mysql.jdbc.ConnectionImpl.connectOneTryOnly(ConnectionImpl.java:2230)
	at com.mysql.jdbc.ConnectionImpl.createNewIO(ConnectionImpl.java:2025)
	at com.mysql.jdbc.ConnectionImpl.<init>(ConnectionImpl.java:778)
	at com.mysql.jdbc.JDBC4Connection.<init>(JDBC4Connection.java:47)
	at sun.reflect.NativeConstructorAccessorImpl.newInstance0(Native Method)
	at sun.reflect.NativeConstructorAccessorImpl.newInstance(NativeConstructorAccessorImpl.java:62)
	at sun.reflect.DelegatingConstructorAccessorImpl.newInstance(DelegatingConstructorAccessorImpl.java:45)
	at java.lang.reflect.Constructor.newInstance(Constructor.java:423)
	at com.mysql.jdbc.Util.handleNewInstance(Util.java:425)
	at com.mysql.jdbc.ConnectionImpl.getInstance(ConnectionImpl.java:386)
	at com.mysql.jdbc.NonRegisteringDriver.connect(NonRegisteringDriver.java:330)
	at org.apache.commons.dbcp2.DriverConnectionFactory.createConnection(DriverConnectionFactory.java:55)
	at org.apache.commons.dbcp2.PoolableConnectionFactory.makeObject(PoolableConnectionFactory.java:355)
	at org.apache.commons.dbcp2.BasicDataSource.validateConnectionFactory(BasicDataSource.java:115)
	at org.apache.commons.dbcp2.BasicDataSource.createPoolableConnectionFactory(BasicDataSource.java:665)
	... 45 common frames omitted
[2023-05-15 09:34:12.640] [main] ERROR o.s.boot.SpringApplication : Application run failed
org.springframework.beans.factory.BeanCreationException: Error creating bean with name 'urule.dynamicSpringConfigLoader' defined in class path resource [urule-core-context.xml]: Initialization of bean failed; nested exception is org.springframework.beans.factory.BeanCreationException: Error creating bean with name 'urule.bootstrapManager' defined in class path resource [urule-console-context.xml]: Initialization of bean failed; nested exception is com.bstek.urule.exception.RuleException: com.bstek.urule.console.config.exception.ConfigLoadException: com.bstek.urule.exception.RuleException: com.mysql.jdbc.exceptions.jdbc4.MySQLSyntaxErrorException: Table 'uruledb.urule_property' doesn't exist
	at org.springframework.beans.factory.support.AbstractAutowireCapableBeanFactory.doCreateBean(AbstractAutowireCapableBeanFactory.java:602)
	at org.springframework.beans.factory.support.AbstractAutowireCapableBeanFactory.createBean(AbstractAutowireCapableBeanFactory.java:516)
	at org.springframework.beans.factory.support.AbstractBeanFactory.lambda$doGetBean$0(AbstractBeanFactory.java:324)
	at org.springframework.beans.factory.support.DefaultSingletonBeanRegistry.getSingleton(DefaultSingletonBeanRegistry.java:226)
	at org.springframework.beans.factory.support.AbstractBeanFactory.doGetBean(AbstractBeanFactory.java:322)
	at org.springframework.beans.factory.support.AbstractBeanFactory.getBean(AbstractBeanFactory.java:202)
	at org.springframework.beans.factory.support.DefaultListableBeanFactory.preInstantiateSingletons(DefaultListableBeanFactory.java:897)
	at org.springframework.context.support.AbstractApplicationContext.finishBeanFactoryInitialization(AbstractApplicationContext.java:879)
	at org.springframework.context.support.AbstractApplicationContext.refresh(AbstractApplicationContext.java:551)
	at org.springframework.boot.web.servlet.context.ServletWebServerApplicationContext.refresh(ServletWebServerApplicationContext.java:143)
	at org.springframework.boot.SpringApplication.refresh(SpringApplication.java:758)
	at org.springframework.boot.SpringApplication.refresh(SpringApplication.java:750)
	at org.springframework.boot.SpringApplication.refreshContext(SpringApplication.java:397)
	at org.springframework.boot.SpringApplication.run(SpringApplication.java:315)
	at org.springframework.boot.SpringApplication.run(SpringApplication.java:1237)
	at org.springframework.boot.SpringApplication.run(SpringApplication.java:1226)
	at com.bstek.demo.Application.main(Application.java:16)
Caused by: org.springframework.beans.factory.BeanCreationException: Error creating bean with name 'urule.bootstrapManager' defined in class path resource [urule-console-context.xml]: Initialization of bean failed; nested exception is com.bstek.urule.exception.RuleException: com.bstek.urule.console.config.exception.ConfigLoadException: com.bstek.urule.exception.RuleException: com.mysql.jdbc.exceptions.jdbc4.MySQLSyntaxErrorException: Table 'uruledb.urule_property' doesn't exist
	at org.springframework.beans.factory.support.AbstractAutowireCapableBeanFactory.doCreateBean(AbstractAutowireCapableBeanFactory.java:602)
	at org.springframework.beans.factory.support.AbstractAutowireCapableBeanFactory.createBean(AbstractAutowireCapableBeanFactory.java:516)
	at org.springframework.beans.factory.support.AbstractBeanFactory.lambda$doGetBean$0(AbstractBeanFactory.java:324)
	at org.springframework.beans.factory.support.DefaultSingletonBeanRegistry.getSingleton(DefaultSingletonBeanRegistry.java:226)
	at org.springframework.beans.factory.support.AbstractBeanFactory.doGetBean(AbstractBeanFactory.java:322)
	at org.springframework.beans.factory.support.AbstractBeanFactory.getBean(AbstractBeanFactory.java:202)
	at org.springframework.beans.factory.support.AbstractBeanFactory.doGetBean(AbstractBeanFactory.java:311)
	at org.springframework.beans.factory.support.AbstractBeanFactory.getBean(AbstractBeanFactory.java:202)
	at org.springframework.beans.factory.support.DefaultListableBeanFactory.getBeansOfType(DefaultListableBeanFactory.java:624)
	at org.springframework.beans.factory.support.DefaultListableBeanFactory.getBeansOfType(DefaultListableBeanFactory.java:612)
	at org.springframework.context.support.AbstractApplicationContext.getBeansOfType(AbstractApplicationContext.java:1243)
	at com.bstek.urule.runtime.DynamicSpringConfigLoaderImpl.setApplicationContext(DynamicSpringConfigLoaderImpl.java:81)
	at org.springframework.context.support.ApplicationContextAwareProcessor.invokeAwareInterfaces(ApplicationContextAwareProcessor.java:123)
	at org.springframework.context.support.ApplicationContextAwareProcessor.postProcessBeforeInitialization(ApplicationContextAwareProcessor.java:100)
	at org.springframework.beans.factory.support.AbstractAutowireCapableBeanFactory.applyBeanPostProcessorsBeforeInitialization(AbstractAutowireCapableBeanFactory.java:415)
	at org.springframework.beans.factory.support.AbstractAutowireCapableBeanFactory.initializeBean(AbstractAutowireCapableBeanFactory.java:1786)
	at org.springframework.beans.factory.support.AbstractAutowireCapableBeanFactory.doCreateBean(AbstractAutowireCapableBeanFactory.java:594)
	... 16 common frames omitted
Caused by: com.bstek.urule.exception.RuleException: com.bstek.urule.console.config.exception.ConfigLoadException: com.bstek.urule.exception.RuleException: com.mysql.jdbc.exceptions.jdbc4.MySQLSyntaxErrorException: Table 'uruledb.urule_property' doesn't exist
	at com.bstek.urule.console.config.bootstrap.BootstrapManager.load(BootstrapManager.java:75)
	at com.bstek.urule.console.config.bootstrap.BootstrapManager.setApplicationContext(BootstrapManager.java:124)
	at org.springframework.context.support.ApplicationContextAwareProcessor.invokeAwareInterfaces(ApplicationContextAwareProcessor.java:123)
	at org.springframework.context.support.ApplicationContextAwareProcessor.postProcessBeforeInitialization(ApplicationContextAwareProcessor.java:100)
	at org.springframework.beans.factory.support.AbstractAutowireCapableBeanFactory.applyBeanPostProcessorsBeforeInitialization(AbstractAutowireCapableBeanFactory.java:415)
	at org.springframework.beans.factory.support.AbstractAutowireCapableBeanFactory.initializeBean(AbstractAutowireCapableBeanFactory.java:1786)
	at org.springframework.beans.factory.support.AbstractAutowireCapableBeanFactory.doCreateBean(AbstractAutowireCapableBeanFactory.java:594)
	... 32 common frames omitted
Caused by: com.bstek.urule.console.config.exception.ConfigLoadException: com.bstek.urule.exception.RuleException: com.mysql.jdbc.exceptions.jdbc4.MySQLSyntaxErrorException: Table 'uruledb.urule_property' doesn't exist
	at com.bstek.urule.console.config.manager.DBConfigManager.load(DBConfigManager.java:37)
	at com.bstek.urule.console.config.manager.JdbcConfigManager.load(JdbcConfigManager.java:35)
	at com.bstek.urule.console.config.bootstrap.BootstrapManager.load(BootstrapManager.java:64)
	... 38 common frames omitted
Caused by: com.bstek.urule.exception.RuleException: com.mysql.jdbc.exceptions.jdbc4.MySQLSyntaxErrorException: Table 'uruledb.urule_property' doesn't exist
	at com.bstek.urule.console.database.util.ConfigurationUtils.getConfigurations(ConfigurationUtils.java:40)
	at com.bstek.urule.console.config.manager.DBConfigManager.e(DBConfigManager.java:106)
	at com.bstek.urule.console.config.manager.DBConfigManager.load(DBConfigManager.java:35)
	... 40 common frames omitted
Caused by: com.mysql.jdbc.exceptions.jdbc4.MySQLSyntaxErrorException: Table 'uruledb.urule_property' doesn't exist
	at sun.reflect.NativeConstructorAccessorImpl.newInstance0(Native Method)
	at sun.reflect.NativeConstructorAccessorImpl.newInstance(NativeConstructorAccessorImpl.java:62)
	at sun.reflect.DelegatingConstructorAccessorImpl.newInstance(DelegatingConstructorAccessorImpl.java:45)
	at java.lang.reflect.Constructor.newInstance(Constructor.java:423)
	at com.mysql.jdbc.Util.handleNewInstance(Util.java:425)
	at com.mysql.jdbc.Util.getInstance(Util.java:408)
	at com.mysql.jdbc.SQLError.createSQLException(SQLError.java:944)
	at com.mysql.jdbc.MysqlIO.checkErrorPacket(MysqlIO.java:3978)
	at com.mysql.jdbc.MysqlIO.checkErrorPacket(MysqlIO.java:3914)
	at com.mysql.jdbc.MysqlIO.sendCommand(MysqlIO.java:2530)
	at com.mysql.jdbc.MysqlIO.sqlQueryDirect(MysqlIO.java:2683)
	at com.mysql.jdbc.ConnectionImpl.execSQL(ConnectionImpl.java:2491)
	at com.mysql.jdbc.ConnectionImpl.execSQL(ConnectionImpl.java:2449)
	at com.mysql.jdbc.StatementImpl.executeQuery(StatementImpl.java:1381)
	at org.apache.commons.dbcp2.DelegatingStatement.executeQuery(DelegatingStatement.java:329)
	at org.apache.commons.dbcp2.DelegatingStatement.executeQuery(DelegatingStatement.java:329)
	at com.bstek.urule.console.database.util.ConfigurationUtils.getConfigurations(ConfigurationUtils.java:25)
	... 42 common frames omitted
[2023-05-15 10:54:01.175] [main] ERROR o.s.b.d.LoggingFailureAnalysisReporter : 

***************************
APPLICATION FAILED TO START
***************************

Description:

A component required a bean of type 'com.bstek.demo.urule.dao.CustomerDao' that could not be found.


Action:

Consider defining a bean of type 'com.bstek.demo.urule.dao.CustomerDao' in your configuration.

